<?xml version="1.0" encoding="UTF-8"?>
<testsuite name="com.kodilla.hibernate.KodillaHibernateApplicationTests" tests="1" skipped="0" failures="0" errors="0" timestamp="2020-02-19T12:04:59" hostname="pg-PC" time="0.002">
  <properties/>
  <testcase name="contextLoads" classname="com.kodilla.hibernate.KodillaHibernateApplicationTests" time="0.002"/>
  <system-out><![CDATA[2020-02-19 13:04:59.412  INFO 2504 --- [    Test worker] .b.t.c.SpringBootTestContextBootstrapper : Neither @ContextConfiguration nor @ContextHierarchy found for test class [com.kodilla.hibernate.KodillaHibernateApplicationTests], using SpringBootContextLoader
2020-02-19 13:04:59.413  INFO 2504 --- [    Test worker] o.s.t.c.support.AbstractContextLoader    : Could not detect default resource locations for test class [com.kodilla.hibernate.KodillaHibernateApplicationTests]: no resource found for suffixes {-context.xml, Context.groovy}.
2020-02-19 13:04:59.413  INFO 2504 --- [    Test worker] t.c.s.AnnotationConfigContextLoaderUtils : Could not detect default configuration classes for test class [com.kodilla.hibernate.KodillaHibernateApplicationTests]: KodillaHibernateApplicationTests does not declare any static, non-private, non-final, nested classes annotated with @Configuration.
2020-02-19 13:04:59.418  INFO 2504 --- [    Test worker] .b.t.c.SpringBootTestContextBootstrapper : Found @SpringBootConfiguration com.kodilla.hibernate.KodillaHibernateApplication for test class com.kodilla.hibernate.KodillaHibernateApplicationTests
2020-02-19 13:04:59.420  INFO 2504 --- [    Test worker] .b.t.c.SpringBootTestContextBootstrapper : Loaded default TestExecutionListener class names from location [META-INF/spring.factories]: [org.springframework.boot.test.autoconfigure.restdocs.RestDocsTestExecutionListener, org.springframework.boot.test.autoconfigure.web.client.MockRestServiceServerResetTestExecutionListener, org.springframework.boot.test.autoconfigure.web.servlet.MockMvcPrintOnlyOnFailureTestExecutionListener, org.springframework.boot.test.autoconfigure.web.servlet.WebDriverTestExecutionListener, org.springframework.boot.test.mock.mockito.MockitoTestExecutionListener, org.springframework.boot.test.mock.mockito.ResetMocksTestExecutionListener, org.springframework.test.context.web.ServletTestExecutionListener, org.springframework.test.context.support.DirtiesContextBeforeModesTestExecutionListener, org.springframework.test.context.support.DependencyInjectionTestExecutionListener, org.springframework.test.context.support.DirtiesContextTestExecutionListener, org.springframework.test.context.transaction.TransactionalTestExecutionListener, org.springframework.test.context.jdbc.SqlScriptsTestExecutionListener]
2020-02-19 13:04:59.421  INFO 2504 --- [    Test worker] .b.t.c.SpringBootTestContextBootstrapper : Using TestExecutionListeners: [org.springframework.test.context.support.DirtiesContextBeforeModesTestExecutionListener@3cf1adde, org.springframework.boot.test.mock.mockito.MockitoTestExecutionListener@76eb17ac, org.springframework.boot.test.autoconfigure.SpringBootDependencyInjectionTestExecutionListener@58bb38b0, org.springframework.test.context.support.DirtiesContextTestExecutionListener@3dfdde36, org.springframework.test.context.transaction.TransactionalTestExecutionListener@cd31b0a, org.springframework.test.context.jdbc.SqlScriptsTestExecutionListener@22ab2b4b, org.springframework.boot.test.autoconfigure.restdocs.RestDocsTestExecutionListener@23d4f916, org.springframework.boot.test.autoconfigure.web.client.MockRestServiceServerResetTestExecutionListener@700b8f34, org.springframework.boot.test.autoconfigure.web.servlet.MockMvcPrintOnlyOnFailureTestExecutionListener@6414c174, org.springframework.boot.test.autoconfigure.web.servlet.WebDriverTestExecutionListener@1f1e4fce, org.springframework.boot.test.mock.mockito.ResetMocksTestExecutionListener@1b060972]
]]></system-out>
  <system-err><![CDATA[]]></system-err>
</testsuite>
