<?xml version="1.0" encoding="UTF-8"?>
<testsuite name="com.kodilla.hibernate.manytomany.facade.SearchFacadeTestSuite" tests="1" skipped="0" failures="0" errors="0" timestamp="2020-02-20T13:19:12" hostname="pg-PC" time="0.218">
  <properties/>
  <testcase name="testRetrieveCompanyWithAnyString" classname="com.kodilla.hibernate.manytomany.facade.SearchFacadeTestSuite" time="0.218"/>
  <system-out><![CDATA[14:18:54.804 [Test worker] DEBUG org.springframework.test.context.junit4.SpringJUnit4ClassRunner - SpringJUnit4ClassRunner constructor called with [class com.kodilla.hibernate.manytomany.facade.SearchFacadeTestSuite]
14:18:54.812 [Test worker] DEBUG org.springframework.test.context.BootstrapUtils - Instantiating CacheAwareContextLoaderDelegate from class [org.springframework.test.context.cache.DefaultCacheAwareContextLoaderDelegate]
14:18:54.824 [Test worker] DEBUG org.springframework.test.context.BootstrapUtils - Instantiating BootstrapContext using constructor [public org.springframework.test.context.support.DefaultBootstrapContext(java.lang.Class,org.springframework.test.context.CacheAwareContextLoaderDelegate)]
14:18:54.845 [Test worker] DEBUG org.springframework.test.context.BootstrapUtils - Instantiating TestContextBootstrapper for test class [com.kodilla.hibernate.manytomany.facade.SearchFacadeTestSuite] from class [org.springframework.boot.test.context.SpringBootTestContextBootstrapper]
14:18:54.867 [Test worker] INFO org.springframework.boot.test.context.SpringBootTestContextBootstrapper - Neither @ContextConfiguration nor @ContextHierarchy found for test class [com.kodilla.hibernate.manytomany.facade.SearchFacadeTestSuite], using SpringBootContextLoader
14:18:54.871 [Test worker] DEBUG org.springframework.test.context.support.AbstractContextLoader - Did not detect default resource location for test class [com.kodilla.hibernate.manytomany.facade.SearchFacadeTestSuite]: class path resource [com/kodilla/hibernate/manytomany/facade/SearchFacadeTestSuite-context.xml] does not exist
14:18:54.872 [Test worker] DEBUG org.springframework.test.context.support.AbstractContextLoader - Did not detect default resource location for test class [com.kodilla.hibernate.manytomany.facade.SearchFacadeTestSuite]: class path resource [com/kodilla/hibernate/manytomany/facade/SearchFacadeTestSuiteContext.groovy] does not exist
14:18:54.873 [Test worker] INFO org.springframework.test.context.support.AbstractContextLoader - Could not detect default resource locations for test class [com.kodilla.hibernate.manytomany.facade.SearchFacadeTestSuite]: no resource found for suffixes {-context.xml, Context.groovy}.
14:18:54.874 [Test worker] INFO org.springframework.test.context.support.AnnotationConfigContextLoaderUtils - Could not detect default configuration classes for test class [com.kodilla.hibernate.manytomany.facade.SearchFacadeTestSuite]: SearchFacadeTestSuite does not declare any static, non-private, non-final, nested classes annotated with @Configuration.
14:18:54.938 [Test worker] DEBUG org.springframework.test.context.support.ActiveProfilesUtils - Could not find an 'annotation declaring class' for annotation type [org.springframework.test.context.ActiveProfiles] and class [com.kodilla.hibernate.manytomany.facade.SearchFacadeTestSuite]
14:18:55.093 [Test worker] DEBUG org.springframework.context.annotation.ClassPathScanningCandidateComponentProvider - Identified candidate component class: file [C:\Users\pg\IdeaProjects\kodilla-hibernate\kodilla-hibernate\build\classes\java\main\com\kodilla\hibernate\KodillaHibernateApplication.class]
14:18:55.095 [Test worker] INFO org.springframework.boot.test.context.SpringBootTestContextBootstrapper - Found @SpringBootConfiguration com.kodilla.hibernate.KodillaHibernateApplication for test class com.kodilla.hibernate.manytomany.facade.SearchFacadeTestSuite
14:18:55.226 [Test worker] DEBUG org.springframework.boot.test.context.SpringBootTestContextBootstrapper - @TestExecutionListeners is not present for class [com.kodilla.hibernate.manytomany.facade.SearchFacadeTestSuite]: using defaults.
14:18:55.227 [Test worker] INFO org.springframework.boot.test.context.SpringBootTestContextBootstrapper - Loaded default TestExecutionListener class names from location [META-INF/spring.factories]: [org.springframework.boot.test.autoconfigure.restdocs.RestDocsTestExecutionListener, org.springframework.boot.test.autoconfigure.web.client.MockRestServiceServerResetTestExecutionListener, org.springframework.boot.test.autoconfigure.web.servlet.MockMvcPrintOnlyOnFailureTestExecutionListener, org.springframework.boot.test.autoconfigure.web.servlet.WebDriverTestExecutionListener, org.springframework.boot.test.mock.mockito.MockitoTestExecutionListener, org.springframework.boot.test.mock.mockito.ResetMocksTestExecutionListener, org.springframework.test.context.web.ServletTestExecutionListener, org.springframework.test.context.support.DirtiesContextBeforeModesTestExecutionListener, org.springframework.test.context.support.DependencyInjectionTestExecutionListener, org.springframework.test.context.support.DirtiesContextTestExecutionListener, org.springframework.test.context.transaction.TransactionalTestExecutionListener, org.springframework.test.context.jdbc.SqlScriptsTestExecutionListener]
14:18:55.240 [Test worker] DEBUG org.springframework.boot.test.context.SpringBootTestContextBootstrapper - Skipping candidate TestExecutionListener [org.springframework.test.context.web.ServletTestExecutionListener] due to a missing dependency. Specify custom listener classes or make the default listener classes and their required dependencies available. Offending class: [javax/servlet/ServletContext]
14:18:55.253 [Test worker] INFO org.springframework.boot.test.context.SpringBootTestContextBootstrapper - Using TestExecutionListeners: [org.springframework.test.context.support.DirtiesContextBeforeModesTestExecutionListener@f3d835f, org.springframework.boot.test.mock.mockito.MockitoTestExecutionListener@1e37c947, org.springframework.boot.test.autoconfigure.SpringBootDependencyInjectionTestExecutionListener@162dc257, org.springframework.test.context.support.DirtiesContextTestExecutionListener@3668dfe1, org.springframework.test.context.transaction.TransactionalTestExecutionListener@55ac9508, org.springframework.test.context.jdbc.SqlScriptsTestExecutionListener@75f1130b, org.springframework.boot.test.autoconfigure.restdocs.RestDocsTestExecutionListener@db65898, org.springframework.boot.test.autoconfigure.web.client.MockRestServiceServerResetTestExecutionListener@7dd11918, org.springframework.boot.test.autoconfigure.web.servlet.MockMvcPrintOnlyOnFailureTestExecutionListener@4ce4d77f, org.springframework.boot.test.autoconfigure.web.servlet.WebDriverTestExecutionListener@3170eca3, org.springframework.boot.test.mock.mockito.ResetMocksTestExecutionListener@ebd008d]
14:18:55.257 [Test worker] DEBUG org.springframework.test.annotation.ProfileValueUtils - Retrieved @ProfileValueSourceConfiguration [null] for test class [com.kodilla.hibernate.manytomany.facade.SearchFacadeTestSuite]
14:18:55.258 [Test worker] DEBUG org.springframework.test.annotation.ProfileValueUtils - Retrieved ProfileValueSource type [class org.springframework.test.annotation.SystemProfileValueSource] for class [com.kodilla.hibernate.manytomany.facade.SearchFacadeTestSuite]
14:18:55.262 [Test worker] DEBUG org.springframework.test.annotation.ProfileValueUtils - Retrieved @ProfileValueSourceConfiguration [null] for test class [com.kodilla.hibernate.manytomany.facade.SearchFacadeTestSuite]
14:18:55.263 [Test worker] DEBUG org.springframework.test.annotation.ProfileValueUtils - Retrieved ProfileValueSource type [class org.springframework.test.annotation.SystemProfileValueSource] for class [com.kodilla.hibernate.manytomany.facade.SearchFacadeTestSuite]
14:18:55.264 [Test worker] DEBUG org.springframework.test.annotation.ProfileValueUtils - Retrieved @ProfileValueSourceConfiguration [null] for test class [com.kodilla.hibernate.manytomany.facade.SearchFacadeTestSuite]
14:18:55.264 [Test worker] DEBUG org.springframework.test.annotation.ProfileValueUtils - Retrieved ProfileValueSource type [class org.springframework.test.annotation.SystemProfileValueSource] for class [com.kodilla.hibernate.manytomany.facade.SearchFacadeTestSuite]
14:18:55.269 [Test worker] DEBUG org.springframework.test.context.support.AbstractDirtiesContextTestExecutionListener - Before test class: context [DefaultTestContext@424b323f testClass = SearchFacadeTestSuite, testInstance = [null], testMethod = [null], testException = [null], mergedContextConfiguration = [MergedContextConfiguration@621c4f92 testClass = SearchFacadeTestSuite, locations = '{}', classes = '{class com.kodilla.hibernate.KodillaHibernateApplication}', contextInitializerClasses = '[]', activeProfiles = '{}', propertySourceLocations = '{}', propertySourceProperties = '{org.springframework.boot.test.context.SpringBootTestContextBootstrapper=true}', contextCustomizers = set[org.springframework.boot.test.autoconfigure.properties.PropertyMappingContextCustomizer@0, org.springframework.boot.test.autoconfigure.web.servlet.WebDriverContextCustomizerFactory$Customizer@24461de6, org.springframework.boot.test.context.filter.ExcludeFilterContextCustomizer@b39d375, org.springframework.boot.test.json.DuplicateJsonObjectContextCustomizerFactory$DuplicateJsonObjectContextCustomizer@680af7b1, org.springframework.boot.test.mock.mockito.MockitoContextCustomizer@0, org.springframework.boot.test.web.client.TestRestTemplateContextCustomizer@38b66a0e], contextLoader = 'org.springframework.boot.test.context.SpringBootContextLoader', parent = [null]], attributes = map[[empty]]], class annotated with @DirtiesContext [false] with mode [null].
14:18:55.270 [Test worker] DEBUG org.springframework.test.annotation.ProfileValueUtils - Retrieved @ProfileValueSourceConfiguration [null] for test class [com.kodilla.hibernate.manytomany.facade.SearchFacadeTestSuite]
14:18:55.270 [Test worker] DEBUG org.springframework.test.annotation.ProfileValueUtils - Retrieved ProfileValueSource type [class org.springframework.test.annotation.SystemProfileValueSource] for class [com.kodilla.hibernate.manytomany.facade.SearchFacadeTestSuite]
14:18:55.276 [Test worker] DEBUG org.springframework.test.context.support.DependencyInjectionTestExecutionListener - Performing dependency injection for test context [[DefaultTestContext@424b323f testClass = SearchFacadeTestSuite, testInstance = com.kodilla.hibernate.manytomany.facade.SearchFacadeTestSuite@7fc08d5c, testMethod = [null], testException = [null], mergedContextConfiguration = [MergedContextConfiguration@621c4f92 testClass = SearchFacadeTestSuite, locations = '{}', classes = '{class com.kodilla.hibernate.KodillaHibernateApplication}', contextInitializerClasses = '[]', activeProfiles = '{}', propertySourceLocations = '{}', propertySourceProperties = '{org.springframework.boot.test.context.SpringBootTestContextBootstrapper=true}', contextCustomizers = set[org.springframework.boot.test.autoconfigure.properties.PropertyMappingContextCustomizer@0, org.springframework.boot.test.autoconfigure.web.servlet.WebDriverContextCustomizerFactory$Customizer@24461de6, org.springframework.boot.test.context.filter.ExcludeFilterContextCustomizer@b39d375, org.springframework.boot.test.json.DuplicateJsonObjectContextCustomizerFactory$DuplicateJsonObjectContextCustomizer@680af7b1, org.springframework.boot.test.mock.mockito.MockitoContextCustomizer@0, org.springframework.boot.test.web.client.TestRestTemplateContextCustomizer@38b66a0e], contextLoader = 'org.springframework.boot.test.context.SpringBootContextLoader', parent = [null]], attributes = map[[empty]]]].
14:18:55.300 [Test worker] DEBUG org.springframework.test.context.support.TestPropertySourceUtils - Adding inlined properties to environment: {spring.jmx.enabled=false, org.springframework.boot.test.context.SpringBootTestContextBootstrapper=true, server.port=-1}

  .   ____          _            __ _ _
 /\\ / ___'_ __ _ _(_)_ __  __ _ \ \ \ \
( ( )\___ | '_ | '_| | '_ \/ _` | \ \ \ \
 \\/  ___)| |_)| | | | | || (_| |  ) ) ) )
  '  |____| .__|_| |_|_| |_\__, | / / / /
 =========|_|==============|___/=/_/_/_/
 :: Spring Boot ::        (v2.1.3.RELEASE)

2020-02-20 14:18:55.586  INFO 9468 --- [    Test worker] c.k.h.m.facade.SearchFacadeTestSuite     : Starting SearchFacadeTestSuite on pg-PC with PID 9468 (started by pg in C:\Users\pg\IdeaProjects\kodilla-hibernate\kodilla-hibernate)
2020-02-20 14:18:55.587  INFO 9468 --- [    Test worker] c.k.h.m.facade.SearchFacadeTestSuite     : No active profile set, falling back to default profiles: default
2020-02-20 14:18:56.109  INFO 9468 --- [    Test worker] .s.d.r.c.RepositoryConfigurationDelegate : Bootstrapping Spring Data repositories in DEFAULT mode.
2020-02-20 14:18:56.313  INFO 9468 --- [    Test worker] .s.d.r.c.RepositoryConfigurationDelegate : Finished Spring Data repository scanning in 197ms. Found 8 repository interfaces.
2020-02-20 14:18:56.941  INFO 9468 --- [    Test worker] o.hibernate.jpa.internal.util.LogHelper  : HHH000204: Processing PersistenceUnitInfo [
	name: default
	...]
2020-02-20 14:18:57.033  INFO 9468 --- [    Test worker] org.hibernate.Version                    : HHH000412: Hibernate Core {5.3.7.Final}
2020-02-20 14:18:57.040  INFO 9468 --- [    Test worker] org.hibernate.cfg.Environment            : HHH000206: hibernate.properties not found
2020-02-20 14:18:57.214  INFO 9468 --- [    Test worker] o.hibernate.annotations.common.Version   : HCANN000001: Hibernate Commons Annotations {5.0.4.Final}
2020-02-20 14:18:57.399  INFO 9468 --- [    Test worker] com.zaxxer.hikari.HikariDataSource       : HikariPool-1 - Starting...
2020-02-20 14:18:57.555  INFO 9468 --- [    Test worker] com.zaxxer.hikari.HikariDataSource       : HikariPool-1 - Start completed.
2020-02-20 14:18:57.573  INFO 9468 --- [    Test worker] org.hibernate.dialect.Dialect            : HHH000400: Using dialect: org.hibernate.dialect.MySQL5Dialect
Hibernate: alter table items add constraint FKi3fv29v33apu6j1klh8nld3re foreign key (invoice_id) references invoices (invoice_id)
Hibernate: alter table items add constraint FKmtk37pxnx7d5ck7fkq2xcna4i foreign key (product_id) references products (product_id)
Hibernate: alter table join_company_employee add constraint FK8qv4sbf5gudy2g20lbjoknvsy foreign key (company_id) references companies (company_id)
Hibernate: alter table join_company_employee add constraint FKhyidh70ikigdnt5yqddpn795y foreign key (employee_id) references employees (employee_id)
Hibernate: alter table tasks add constraint FKoc5tyukkgk284esmsxkwe1ncy foreign key (tasks_financials_id) references tasks_financials (id)
Hibernate: alter table tasks add constraint FKprm86x994fojxdcimjsnmjymp foreign key (tasklist_id) references tasklist (id)
2020-02-20 14:19:11.326  INFO 9468 --- [    Test worker] o.h.h.i.QueryTranslatorFactoryInitiator  : HHH000397: Using ASTQueryTranslatorFactory
2020-02-20 14:19:11.475  INFO 9468 --- [    Test worker] j.LocalContainerEntityManagerFactoryBean : Initialized JPA EntityManagerFactory for persistence unit 'default'
2020-02-20 14:19:12.296  INFO 9468 --- [    Test worker] c.k.h.m.facade.SearchFacadeTestSuite     : Started SearchFacadeTestSuite in 16.994 seconds (JVM running for 18.478)
Hibernate: select next_val as id_val from hibernate_sequence for update
Hibernate: update hibernate_sequence set next_val= ? where next_val=?
Hibernate: insert into companies (company_name, company_id) values (?, ?)
Hibernate: select next_val as id_val from hibernate_sequence for update
Hibernate: update hibernate_sequence set next_val= ? where next_val=?
Hibernate: insert into companies (company_name, company_id) values (?, ?)
Hibernate: SELECT * FROM COMPANIES WHERE COMPANY_NAME LIKE CONCAT( '%', ?, '%')
[Company{name='Company3'}]
Hibernate: select company0_.company_id as company_1_0_1_, company0_.company_name as company_2_0_1_, employees1_.company_id as company_2_4_3_, employee2_.employee_id as employee1_4_3_, employee2_.employee_id as employee1_1_0_, employee2_.firstname as firstnam2_1_0_, employee2_.lastname as lastname3_1_0_ from companies company0_ left outer join join_company_employee employees1_ on company0_.company_id=employees1_.company_id left outer join employees employee2_ on employees1_.employee_id=employee2_.employee_id where company0_.company_id=?
Hibernate: delete from companies where company_id=?
Hibernate: select company0_.company_id as company_1_0_1_, company0_.company_name as company_2_0_1_, employees1_.company_id as company_2_4_3_, employee2_.employee_id as employee1_4_3_, employee2_.employee_id as employee1_1_0_, employee2_.firstname as firstnam2_1_0_, employee2_.lastname as lastname3_1_0_ from companies company0_ left outer join join_company_employee employees1_ on company0_.company_id=employees1_.company_id left outer join employees employee2_ on employees1_.employee_id=employee2_.employee_id where company0_.company_id=?
Hibernate: delete from companies where company_id=?
]]></system-out>
  <system-err><![CDATA[]]></system-err>
</testsuite>
